#
# There is insufficient memory for the Java Runtime Environment to continue.
# Native memory allocation (malloc) failed to allocate 1022096 bytes for Chunk::new
# Possible reasons:
#   The system is out of physical RAM or swap space
#   The process is running with CompressedOops enabled, and the Java Heap may be blocking the growth of the native heap
# Possible solutions:
#   Reduce memory load on the system
#   Increase physical memory or swap space
#   Check if swap backing store is full
#   Decrease Java heap size (-Xmx/-Xms)
#   Decrease number of Java threads
#   Decrease Java thread stack sizes (-Xss)
#   Set larger code cache with -XX:ReservedCodeCacheSize=
#   JVM is running with Unscaled Compressed Oops mode in which the Java heap is
#     placed in the first 4GB address space. The Java Heap base address is the
#     maximum limit for the native heap growth. Please use -XX:HeapBaseMinAddress
#     to set the Java Heap base and to place the Java Heap above 4GB virtual address.
# This output file may be truncated or incomplete.
#
#  Out of Memory Error (allocation.cpp:389), pid=6520, tid=0x00000000000026a8
#
# JRE version: OpenJDK Runtime Environment (8.0_202-b03) (build 1.8.0_202-release-1483-b03)
# Java VM: OpenJDK 64-Bit Server VM (25.202-b03 mixed mode windows-amd64 compressed oops)
# Failed to write core dump. Minidumps are not enabled by default on client versions of Windows
#

---------------  T H R E A D  ---------------

Current thread (0x000000001656b800):  JavaThread "C2 CompilerThread0" daemon [_thread_in_native, id=9896, stack(0x00000000175a0000,0x00000000176a0000)]

Stack: [0x00000000175a0000,0x00000000176a0000]
[error occurred during error reporting (printing stack bounds), id 0xc0000005]

Native frames: (J=compiled Java code, j=interpreted, Vv=VM code, C=native code)


Current CompileTask:
C2:1454467 17875       4       org.objectweb.asm.ClassReader::readMethod (1126 bytes)


---------------  P R O C E S S  ---------------

Java Threads: ( => current thread )
  0x0000000018c62800 JavaThread "Task worker for ':'" [_thread_in_native, id=8456, stack(0x0000000026980000,0x0000000026a80000)]
  0x000000001e739800 JavaThread "Cache worker for file content cache (C:\Users\km007\Desktop\Project\StagPus\android\.gradle\4.10.2\fileContent)" [_thread_blocked, id=15060, stack(0x0000000023ed0000,0x0000000023fd0000)]
  0x000000001e73c000 JavaThread "Build operations Thread 2" [_thread_blocked, id=15476, stack(0x00000000237d0000,0x00000000238d0000)]
  0x000000001e73d800 JavaThread "Build operations" [_thread_blocked, id=4028, stack(0x00000000236d0000,0x00000000237d0000)]
  0x000000001e738800 JavaThread "Cache worker for cache directory md-rule (C:\Users\km007\.gradle\caches\4.10.2\md-rule)" [_thread_blocked, id=8504, stack(0x00000000215e0000,0x00000000216e0000)]
  0x000000001e738000 JavaThread "Cache worker for cache directory md-supplier (C:\Users\km007\.gradle\caches\4.10.2\md-supplier)" [_thread_blocked, id=7872, stack(0x00000000214e0000,0x00000000215e0000)]
  0x000000001e72f000 JavaThread "Cache worker for file hash cache (C:\Users\km007\Desktop\Project\StagPus\android\.gradle\4.10.2\fileHashes)" [_thread_blocked, id=1180, stack(0x000000001ec10000,0x000000001ed10000)]
  0x000000001e735800 JavaThread "Stdin handler" [_thread_blocked, id=8124, stack(0x000000001eb10000,0x000000001ec10000)]
  0x000000001e72e000 JavaThread "Asynchronous log dispatcher for DefaultDaemonConnection: socket connection from /127.0.0.1:59489 to /127.0.0.1:61350" [_thread_blocked, id=9016, stack(0x000000001d840000,0x000000001d940000)]
  0x000000001e735000 JavaThread "Daemon worker Thread 4" [_thread_in_Java, id=15432, stack(0x000000001d740000,0x000000001d840000)]
  0x000000001e734000 JavaThread "Cancel handler" [_thread_blocked, id=14224, stack(0x000000001cd90000,0x000000001ce90000)]
  0x000000001e733800 JavaThread "Handler for socket connection from /127.0.0.1:59489 to /127.0.0.1:61350" [_thread_in_native, id=7560, stack(0x000000001a0f0000,0x000000001a1f0000)]
  0x000000001e732800 JavaThread "Daemon Thread 4" [_thread_blocked, id=14884, stack(0x0000000019df0000,0x0000000019ef0000)]
  0x0000000018c66800 JavaThread "Cache worker for file content cache (C:\Users\km007\.gradle\caches\4.10.2\fileContent)" [_thread_blocked, id=13628, stack(0x00000000235d0000,0x00000000236d0000)]
  0x0000000018c61000 JavaThread "Memory manager" [_thread_blocked, id=16348, stack(0x00000000213e0000,0x00000000214e0000)]
  0x0000000018c5a800 JavaThread "Cache worker for Artifact transforms cache (C:\Users\km007\.gradle\caches\transforms-1)" [_thread_blocked, id=8168, stack(0x000000001cc90000,0x000000001cd90000)]
  0x0000000018b05000 JavaThread "Cache worker for journal cache (C:\Users\km007\.gradle\caches\journal-1)" [_thread_blocked, id=3148, stack(0x000000001c990000,0x000000001ca90000)]
  0x00000000190fa000 JavaThread "File lock request listener" [_thread_in_native, id=1528, stack(0x000000001b6c0000,0x000000001b7c0000)]
  0x000000001aea1000 JavaThread "Cache worker for file hash cache (C:\Users\km007\.gradle\caches\4.10.2\fileHashes)" [_thread_blocked, id=11328, stack(0x000000001b5c0000,0x000000001b6c0000)]
  0x0000000018f1e000 JavaThread "Daemon periodic checks" [_thread_blocked, id=15984, stack(0x0000000019cf0000,0x0000000019df0000)]
  0x0000000018f22000 JavaThread "Incoming local TCP Connector on port 59489" [_thread_in_native, id=5952, stack(0x0000000019ab0000,0x0000000019bb0000)]
  0x00000000165d9800 JavaThread "Service Thread" daemon [_thread_blocked, id=15576, stack(0x00000000177a0000,0x00000000178a0000)]
  0x000000001656f800 JavaThread "C1 CompilerThread1" daemon [_thread_blocked, id=4896, stack(0x00000000176a0000,0x00000000177a0000)]
=>0x000000001656b800 JavaThread "C2 CompilerThread0" daemon [_thread_in_native, id=9896, stack(0x00000000175a0000,0x00000000176a0000)]
  0x0000000016569000 JavaThread "Attach Listener" daemon [_thread_blocked, id=1824, stack(0x00000000174a0000,0x00000000175a0000)]
  0x0000000016566000 JavaThread "Signal Dispatcher" daemon [_thread_blocked, id=3992, stack(0x00000000173a0000,0x00000000174a0000)]
  0x0000000002e33800 JavaThread "Finalizer" daemon [_thread_blocked, id=15712, stack(0x00000000171a0000,0x00000000172a0000)]
  0x0000000016557000 JavaThread "Reference Handler" daemon [_thread_blocked, id=6848, stack(0x00000000170a0000,0x00000000171a0000)]
  0x0000000002d42800 JavaThread "main" [_thread_blocked, id=14260, stack(0x0000000002b60000,0x0000000002c60000)]

Other Threads:
  0x0000000002e28000 VMThread [stack: 0x0000000016fa0000,0x00000000170a0000] [id=9532]
  0x00000000165dc000 WatcherThread [stack: 0x00000000178a0000,0x00000000179a0000] [id=15856]

VM state:not at safepoint (normal execution)

VM Mutex/Monitor currently owned by a thread: None

heap address: 0x00000000a0000000, size: 1536 MB, Compressed Oops mode: 32-bit
Narrow klass base: 0x0000000000000000, Narrow klass shift: 3
Compressed class space size: 1073741824 Address: 0x0000000100000000

Heap:
 PSYoungGen      total 324608K, used 245279K [0x00000000e0000000, 0x00000000f7400000, 0x0000000100000000)
  eden space 273408K, 88% used [0x00000000e0000000,0x00000000eebb0a48,0x00000000f0b00000)
  from space 51200K, 7% used [0x00000000f4200000,0x00000000f45d7560,0x00000000f7400000)
  to   space 53760K, 0% used [0x00000000f0b00000,0x00000000f0b00000,0x00000000f3f80000)
 ParOldGen       total 224768K, used 124120K [0x00000000a0000000, 0x00000000adb80000, 0x00000000e0000000)
  object space 224768K, 55% used [0x00000000a0000000,0x00000000a79361d0,0x00000000adb80000)
 Metaspace       used 92372K, capacity 99530K, committed 100312K, reserved 1134592K
  class space    used 11969K, capacity 13981K, committed 14336K, reserved 1048576K

Card table byte_map: [0x0000000012200000,0x0000000012510000] byte_map_base: 0x0000000011d00000

Marking Bits: (ParMarkBitMap*) 0x0000000051d89f30
 Begin Bits: [0x0000000012910000, 0x0000000014110000)
 End Bits:   [0x0000000014110000, 0x0000000015910000)

Polling page: 0x0000000002b10000

CodeCache: size=245760Kb used=52202Kb max_used=52658Kb free=193557Kb
 bounds [0x0000000002e40000, 0x0000000006240000, 0x0000000011e40000]
 total_blobs=15447 nmethods=14602 adapters=758
 compilation: enabled

Compilation events (10 events):
Event: 1454.283 Thread 0x000000001656b800 nmethod 17789 0x0000000003dae7d0 code [0x0000000003dae920, 0x0000000003daeaa8]
Event: 1454.285 Thread 0x000000001656b800 17790       4       org.objectweb.asm.MethodVisitor::visitLineNumber (17 bytes)
Event: 1454.298 Thread 0x000000001656b800 nmethod 17790 0x0000000005c0b650 code [0x0000000005c0b7e0, 0x0000000005c0bc78]
Event: 1454.299 Thread 0x000000001656b800 17872  s    4       java.util.Vector::removeElementAt (115 bytes)
Event: 1454.302 Thread 0x000000001656b800 nmethod 17872 0x00000000040c5490 code [0x00000000040c55e0, 0x00000000040c5898]
Event: 1454.304 Thread 0x000000001656b800 17873       4       org.objectweb.asm.ByteVector::put11 (52 bytes)
Event: 1454.308 Thread 0x000000001656b800 nmethod 17873 0x0000000005d1ac50 code [0x0000000005d1ada0, 0x0000000005d1b058]
Event: 1454.310 Thread 0x000000001656b800 17875       4       org.objectweb.asm.ClassReader::readMethod (1126 bytes)
Event: 1454.338 Thread 0x000000001656f800 17879       2       java.lang.String::regionMatches (149 bytes)
Event: 1454.339 Thread 0x000000001656f800 nmethod 17879 0x0000000005e7ca50 code [0x0000000005e7cc40, 0x0000000005e7d178]

GC Heap History (10 events):
Event: 1433.483 GC heap before
{Heap before GC invocations=33 (full 4):
 PSYoungGen      total 231424K, used 231394K [0x00000000e0000000, 0x00000000f3400000, 0x0000000100000000)
  eden space 188928K, 100% used [0x00000000e0000000,0x00000000eb880000,0x00000000eb880000)
  from space 42496K, 99% used [0x00000000eeb00000,0x00000000f1478b38,0x00000000f1480000)
  to   space 51712K, 0% used [0x00000000eb880000,0x00000000eb880000,0x00000000eeb00000)
 ParOldGen       total 144384K, used 67224K [0x00000000a0000000, 0x00000000a8d00000, 0x00000000e0000000)
  object space 144384K, 46% used [0x00000000a0000000,0x00000000a41a6128,0x00000000a8d00000)
 Metaspace       used 90202K, capacity 97922K, committed 98008K, reserved 1132544K
  class space    used 11851K, capacity 14034K, committed 14080K, reserved 1048576K
Event: 1434.317 GC heap after
Heap after GC invocations=33 (full 4):
 PSYoungGen      total 240640K, used 40226K [0x00000000e0000000, 0x00000000f4c80000, 0x0000000100000000)
  eden space 188928K, 0% used [0x00000000e0000000,0x00000000e0000000,0x00000000eb880000)
  from space 51712K, 77% used [0x00000000eb880000,0x00000000edfc8b38,0x00000000eeb00000)
  to   space 55808K, 0% used [0x00000000f1600000,0x00000000f1600000,0x00000000f4c80000)
 ParOldGen       total 144384K, used 93411K [0x00000000a0000000, 0x00000000a8d00000, 0x00000000e0000000)
  object space 144384K, 64% used [0x00000000a0000000,0x00000000a5b38da0,0x00000000a8d00000)
 Metaspace       used 90202K, capacity 97922K, committed 98008K, reserved 1132544K
  class space    used 11851K, capacity 14034K, committed 14080K, reserved 1048576K
}
Event: 1441.816 GC heap before
{Heap before GC invocations=34 (full 4):
 PSYoungGen      total 240640K, used 229154K [0x00000000e0000000, 0x00000000f4c80000, 0x0000000100000000)
  eden space 188928K, 100% used [0x00000000e0000000,0x00000000eb880000,0x00000000eb880000)
  from space 51712K, 77% used [0x00000000eb880000,0x00000000edfc8b38,0x00000000eeb00000)
  to   space 55808K, 0% used [0x00000000f1600000,0x00000000f1600000,0x00000000f4c80000)
 ParOldGen       total 144384K, used 93411K [0x00000000a0000000, 0x00000000a8d00000, 0x00000000e0000000)
  object space 144384K, 64% used [0x00000000a0000000,0x00000000a5b38da0,0x00000000a8d00000)
 Metaspace       used 91589K, capacity 99718K, committed 99800K, reserved 1134592K
  class space    used 12037K, capacity 14262K, committed 14336K, reserved 1048576K
Event: 1442.127 GC heap after
Heap after GC invocations=34 (full 4):
 PSYoungGen      total 280576K, used 27940K [0x00000000e0000000, 0x00000000f4980000, 0x0000000100000000)
  eden space 227840K, 0% used [0x00000000e0000000,0x00000000e0000000,0x00000000ede80000)
  from space 52736K, 52% used [0x00000000f1600000,0x00000000f31491a0,0x00000000f4980000)
  to   space 54784K, 0% used [0x00000000ede80000,0x00000000ede80000,0x00000000f1400000)
 ParOldGen       total 144384K, used 132145K [0x00000000a0000000, 0x00000000a8d00000, 0x00000000e0000000)
  object space 144384K, 91% used [0x00000000a0000000,0x00000000a810c568,0x00000000a8d00000)
 Metaspace       used 91589K, capacity 99718K, committed 99800K, reserved 1134592K
  class space    used 12037K, capacity 14262K, committed 14336K, reserved 1048576K
}
Event: 1442.127 GC heap before
{Heap before GC invocations=35 (full 5):
 PSYoungGen      total 280576K, used 27940K [0x00000000e0000000, 0x00000000f4980000, 0x0000000100000000)
  eden space 227840K, 0% used [0x00000000e0000000,0x00000000e0000000,0x00000000ede80000)
  from space 52736K, 52% used [0x00000000f1600000,0x00000000f31491a0,0x00000000f4980000)
  to   space 54784K, 0% used [0x00000000ede80000,0x00000000ede80000,0x00000000f1400000)
 ParOldGen       total 144384K, used 132145K [0x00000000a0000000, 0x00000000a8d00000, 0x00000000e0000000)
  object space 144384K, 91% used [0x00000000a0000000,0x00000000a810c568,0x00000000a8d00000)
 Metaspace       used 91589K, capacity 99718K, committed 99800K, reserved 1134592K
  class space    used 12037K, capacity 14262K, committed 14336K, reserved 1048576K
Event: 1445.661 GC heap after
Heap after GC invocations=35 (full 5):
 PSYoungGen      total 280576K, used 0K [0x00000000e0000000, 0x00000000f4980000, 0x0000000100000000)
  eden space 227840K, 0% used [0x00000000e0000000,0x00000000e0000000,0x00000000ede80000)
  from space 52736K, 0% used [0x00000000f1600000,0x00000000f1600000,0x00000000f4980000)
  to   space 54784K, 0% used [0x00000000ede80000,0x00000000ede80000,0x00000000f1400000)
 ParOldGen       total 224768K, used 120448K [0x00000000a0000000, 0x00000000adb80000, 0x00000000e0000000)
  object space 224768K, 53% used [0x00000000a0000000,0x00000000a75a02e8,0x00000000adb80000)
 Metaspace       used 90999K, capacity 98124K, committed 99800K, reserved 1134592K
  class space    used 11864K, capacity 13880K, committed 14336K, reserved 1048576K
}
Event: 1449.636 GC heap before
{Heap before GC invocations=36 (full 5):
 PSYoungGen      total 280576K, used 227840K [0x00000000e0000000, 0x00000000f4980000, 0x0000000100000000)
  eden space 227840K, 100% used [0x00000000e0000000,0x00000000ede80000,0x00000000ede80000)
  from space 52736K, 0% used [0x00000000f1600000,0x00000000f1600000,0x00000000f4980000)
  to   space 54784K, 0% used [0x00000000ede80000,0x00000000ede80000,0x00000000f1400000)
 ParOldGen       total 224768K, used 120448K [0x00000000a0000000, 0x00000000adb80000, 0x00000000e0000000)
  object space 224768K, 53% used [0x00000000a0000000,0x00000000a75a02e8,0x00000000adb80000)
 Metaspace       used 92157K, capacity 99358K, committed 100056K, reserved 1134592K
  class space    used 11955K, capacity 13947K, committed 14336K, reserved 1048576K
Event: 1449.796 GC heap after
Heap after GC invocations=36 (full 5):
 PSYoungGen      total 282624K, used 8821K [0x00000000e0000000, 0x00000000f7680000, 0x0000000100000000)
  eden space 227840K, 0% used [0x00000000e0000000,0x00000000e0000000,0x00000000ede80000)
  from space 54784K, 16% used [0x00000000ede80000,0x00000000ee71d6d0,0x00000000f1400000)
  to   space 53760K, 0% used [0x00000000f4200000,0x00000000f4200000,0x00000000f7680000)
 ParOldGen       total 224768K, used 120456K [0x00000000a0000000, 0x00000000adb80000, 0x00000000e0000000)
  object space 224768K, 53% used [0x00000000a0000000,0x00000000a75a22e8,0x00000000adb80000)
 Metaspace       used 92157K, capacity 99358K, committed 100056K, reserved 1134592K
  class space    used 11955K, capacity 13947K, committed 14336K, reserved 1048576K
}
Event: 1451.660 GC heap before
{Heap before GC invocations=37 (full 5):
 PSYoungGen      total 282624K, used 236661K [0x00000000e0000000, 0x00000000f7680000, 0x0000000100000000)
  eden space 227840K, 100% used [0x00000000e0000000,0x00000000ede80000,0x00000000ede80000)
  from space 54784K, 16% used [0x00000000ede80000,0x00000000ee71d6d0,0x00000000f1400000)
  to   space 53760K, 0% used [0x00000000f4200000,0x00000000f4200000,0x00000000f7680000)
 ParOldGen       total 224768K, used 120456K [0x00000000a0000000, 0x00000000adb80000, 0x00000000e0000000)
  object space 224768K, 53% used [0x00000000a0000000,0x00000000a75a22e8,0x00000000adb80000)
 Metaspace       used 92222K, capacity 99370K, committed 100056K, reserved 1134592K
  class space    used 11956K, capacity 13949K, committed 14336K, reserved 1048576K
Event: 1451.689 GC heap after
Heap after GC invocations=37 (full 5):
 PSYoungGen      total 324608K, used 3933K [0x00000000e0000000, 0x00000000f7400000, 0x0000000100000000)
  eden space 273408K, 0% used [0x00000000e0000000,0x00000000e0000000,0x00000000f0b00000)
  from space 51200K, 7% used [0x00000000f4200000,0x00000000f45d7560,0x00000000f7400000)
  to   space 53760K, 0% used [0x00000000f0b00000,0x00000000f0b00000,0x00000000f3f80000)
 ParOldGen       total 224768K, used 124120K [0x00000000a0000000, 0x00000000adb80000, 0x00000000e0000000)
  object space 224768K, 55% used [0x00000000a0000000,0x00000000a79361d0,0x00000000adb80000)
 Metaspace       used 92222K, capacity 99370K, committed 100056K, reserved 1134592K
  class space    used 11956K, capacity 13949K, committed 14336K, reserved 1048576K
}

Deoptimization events (10 events):
Event: 1449.076 Thread 0x0000000018c62800 Uncommon trap: reason=unstable_if action=reinterpret pc=0x0000000002fb3020 method=org.objectweb.asm.ByteVector.putUTF8(Ljava/lang/String;)Lorg/objectweb/asm/ByteVector; @ 98
Event: 1449.079 Thread 0x0000000018c62800 Uncommon trap: reason=unstable_if action=reinterpret pc=0x00000000035a0bf4 method=org.objectweb.asm.ClassReader.readUTF(II[C)Ljava/lang/String; @ 77
Event: 1449.079 Thread 0x0000000018c62800 Uncommon trap: reason=unstable_if action=reinterpret pc=0x000000000467edc4 method=org.objectweb.asm.ByteVector.putUTF8(Ljava/lang/String;)Lorg/objectweb/asm/ByteVector; @ 91
Event: 1449.193 Thread 0x000000001e735000 Uncommon trap: reason=unstable_if action=reinterpret pc=0x000000000610d1f8 method=org.objectweb.asm.Item.isEqualTo(Lorg/objectweb/asm/Item;)Z @ 186
Event: 1449.218 Thread 0x0000000018c62800 Uncommon trap: reason=unstable_if action=reinterpret pc=0x00000000061171f4 method=org.objectweb.asm.signature.SignatureReader.parseType(Ljava/lang/String;ILorg/objectweb/asm/signature/SignatureVisitor;)I @ 263
Event: 1450.712 Thread 0x000000001e735000 Uncommon trap: reason=unstable_if action=reinterpret pc=0x00000000061ac4b8 method=org.objectweb.asm.ClassWriter.newConstItem(Ljava/lang/Object;)Lorg/objectweb/asm/Item; @ 117
Event: 1453.174 Thread 0x000000001e735000 Uncommon trap: reason=unstable_if action=reinterpret pc=0x0000000003065d20 method=java.util.zip.ZipEntry.setExtra0([BZ)V @ 32
Event: 1453.524 Thread 0x000000001e735000 Uncommon trap: reason=unstable_if action=reinterpret pc=0x000000000584d0a8 method=kotlin.text.StringsKt__StringsKt.contains(Ljava/lang/CharSequence;CZ)Z @ 15
Event: 1453.527 Thread 0x000000001e735000 Uncommon trap: reason=unstable_if action=reinterpret pc=0x0000000006121e90 method=java.lang.String.regionMatches(ZILjava/lang/String;II)Z @ 25
Event: 1454.296 Thread 0x0000000018c62800 Uncommon trap: reason=unstable_if action=reinterpret pc=0x000000000606d178 method=java.lang.String.regionMatches(ZILjava/lang/String;II)Z @ 25

Classes redefined (0 events):
No events

Internal exceptions (10 events):
Event: 1449.871 Thread 0x000000001e735000 Exception <a 'sun/nio/fs/WindowsException'> (0x00000000e12a8988) thrown at [D:\src\AOSP-openjdk-cygwin\jdk8u\hotspot\src\share\vm\prims\jni.cpp, line 710]
Event: 1449.872 Thread 0x000000001e735000 Exception <a 'sun/nio/fs/WindowsException'> (0x00000000e12a9f90) thrown at [D:\src\AOSP-openjdk-cygwin\jdk8u\hotspot\src\share\vm\prims\jni.cpp, line 710]
Event: 1451.060 Thread 0x000000001e735000 Exception <a 'sun/nio/fs/WindowsException'> (0x00000000e9371478) thrown at [D:\src\AOSP-openjdk-cygwin\jdk8u\hotspot\src\share\vm\prims\jni.cpp, line 710]
Event: 1451.060 Thread 0x000000001e735000 Exception <a 'sun/nio/fs/WindowsException'> (0x00000000e9372440) thrown at [D:\src\AOSP-openjdk-cygwin\jdk8u\hotspot\src\share\vm\prims\jni.cpp, line 710]
Event: 1451.060 Thread 0x000000001e735000 Exception <a 'sun/nio/fs/WindowsException'> (0x00000000e9374480) thrown at [D:\src\AOSP-openjdk-cygwin\jdk8u\hotspot\src\share\vm\prims\jni.cpp, line 710]
Event: 1451.060 Thread 0x000000001e735000 Exception <a 'sun/nio/fs/WindowsException'> (0x00000000e9375a58) thrown at [D:\src\AOSP-openjdk-cygwin\jdk8u\hotspot\src\share\vm\prims\jni.cpp, line 710]
Event: 1452.633 Thread 0x0000000018c62800 Exception <a 'sun/nio/fs/WindowsException'> (0x00000000e3099a28) thrown at [D:\src\AOSP-openjdk-cygwin\jdk8u\hotspot\src\share\vm\prims\jni.cpp, line 710]
Event: 1452.633 Thread 0x0000000018c62800 Exception <a 'sun/nio/fs/WindowsException'> (0x00000000e309a4b0) thrown at [D:\src\AOSP-openjdk-cygwin\jdk8u\hotspot\src\share\vm\prims\jni.cpp, line 710]
Event: 1452.633 Thread 0x0000000018c62800 Exception <a 'sun/nio/fs/WindowsException'> (0x00000000e309b3e0) thrown at [D:\src\AOSP-openjdk-cygwin\jdk8u\hotspot\src\share\vm\prims\jni.cpp, line 710]
Event: 1452.634 Thread 0x0000000018c62800 Exception <a 'sun/nio/fs/WindowsException'> (0x00000000e309be68) thrown at [D:\src\AOSP-openjdk-cygwin\jdk8u\hotspot\src\share\vm\prims\jni.cpp, line 710]

Events (10 events):
Event: 1454.398 Executing VM operation: RevokeBias
Event: 1454.424 Executing VM operation: RevokeBias done
Event: 1454.425 loading class com/google/common/io/ByteStreams$1
Event: 1454.425 loading class com/google/common/io/ByteStreams$1 done
Event: 1454.425 loading class com/google/common/io/ByteStreams$LimitedInputStream
Event: 1454.425 loading class com/google/common/io/ByteStreams$LimitedInputStream done
Event: 1454.426 loading class com/google/common/io/ByteArrayDataInput
Event: 1454.426 loading class com/google/common/io/ByteArrayDataInput done
Event: 1454.426 loading class com/google/common/io/ByteArrayDataOutput
Event: 1454.426 loading class com/google/common/io/ByteArrayDataOutput done


Dynamic libraries:
0x00007ff6d14b0000 - 0x00007ff6d14e1000 	C:\Program Files\Android\Android Studio\jre\bin\java.exe
0x00007ff9af6a0000 - 0x00007ff9af890000 	C:\WINDOWS\SYSTEM32\ntdll.dll
0x00007ff9ad940000 - 0x00007ff9ad9f2000 	C:\WINDOWS\System32\KERNEL32.DLL
0x00007ff9ad3c0000 - 0x00007ff9ad663000 	C:\WINDOWS\System32\KERNELBASE.dll
0x00007ff9a9c30000 - 0x00007ff9a9cbf000 	C:\WINDOWS\SYSTEM32\apphelp.dll
0x00007ff9ae290000 - 0x00007ff9ae333000 	C:\WINDOWS\System32\ADVAPI32.dll
0x00007ff9ae890000 - 0x00007ff9ae92e000 	C:\WINDOWS\System32\msvcrt.dll
0x00007ff9ae930000 - 0x00007ff9ae9c7000 	C:\WINDOWS\System32\sechost.dll
0x00007ff9aea40000 - 0x00007ff9aeb60000 	C:\WINDOWS\System32\RPCRT4.dll
0x00007ff9ae470000 - 0x00007ff9ae604000 	C:\WINDOWS\System32\USER32.dll
0x00007ff9ac8a0000 - 0x00007ff9ac8c1000 	C:\WINDOWS\System32\win32u.dll
0x00007ff9ad840000 - 0x00007ff9ad866000 	C:\WINDOWS\System32\GDI32.dll
0x00007ff9ac8d0000 - 0x00007ff9aca64000 	C:\WINDOWS\System32\gdi32full.dll
0x00007ff9ac6b0000 - 0x00007ff9ac74e000 	C:\WINDOWS\System32\msvcp_win.dll
0x00007ff9ad210000 - 0x00007ff9ad30a000 	C:\WINDOWS\System32\ucrtbase.dll
0x00007ff99ad80000 - 0x00007ff99b005000 	C:\WINDOWS\WinSxS\amd64_microsoft.windows.common-controls_6595b64144ccf1df_6.0.18362.720_none_e6beb5c51314836b\COMCTL32.dll
0x00007ff9af290000 - 0x00007ff9af5c6000 	C:\WINDOWS\System32\combase.dll
0x00007ff9ad6d0000 - 0x00007ff9ad750000 	C:\WINDOWS\System32\bcryptPrimitives.dll
0x00007ff9af250000 - 0x00007ff9af27e000 	C:\WINDOWS\System32\IMM32.DLL
0x0000000051e10000 - 0x0000000051ee2000 	C:\Program Files\Android\Android Studio\jre\jre\bin\msvcr100.dll
0x00000000515c0000 - 0x0000000051e06000 	C:\Program Files\Android\Android Studio\jre\jre\bin\server\jvm.dll
0x00007ff9af650000 - 0x00007ff9af658000 	C:\WINDOWS\System32\PSAPI.DLL
0x00007ff9a6a00000 - 0x00007ff9a6a09000 	C:\WINDOWS\SYSTEM32\WSOCK32.dll
0x00007ff9ae820000 - 0x00007ff9ae88f000 	C:\WINDOWS\System32\WS2_32.dll
0x00007ff9a9b20000 - 0x00007ff9a9b44000 	C:\WINDOWS\SYSTEM32\WINMM.dll
0x00007ff9a53c0000 - 0x00007ff9a53ca000 	C:\WINDOWS\SYSTEM32\VERSION.dll
0x00007ff9a9af0000 - 0x00007ff9a9b1d000 	C:\WINDOWS\SYSTEM32\WINMMBASE.dll
0x00007ff9ac630000 - 0x00007ff9ac67a000 	C:\WINDOWS\System32\cfgmgr32.dll
0x00007ff9a49e0000 - 0x00007ff9a49ef000 	C:\Program Files\Android\Android Studio\jre\jre\bin\verify.dll
0x00007ff995040000 - 0x00007ff995069000 	C:\Program Files\Android\Android Studio\jre\jre\bin\java.dll
0x00007ff9975c0000 - 0x00007ff9975d6000 	C:\Program Files\Android\Android Studio\jre\jre\bin\zip.dll
0x00007ff9aeb60000 - 0x00007ff9af245000 	C:\WINDOWS\System32\SHELL32.dll
0x00007ff9ae340000 - 0x00007ff9ae3e9000 	C:\WINDOWS\System32\shcore.dll
0x00007ff9aca70000 - 0x00007ff9ad1f0000 	C:\WINDOWS\System32\windows.storage.dll
0x00007ff9ac5e0000 - 0x00007ff9ac603000 	C:\WINDOWS\System32\profapi.dll
0x00007ff9ac590000 - 0x00007ff9ac5da000 	C:\WINDOWS\System32\powrprof.dll
0x00007ff9ac560000 - 0x00007ff9ac570000 	C:\WINDOWS\System32\UMPDC.dll
0x00007ff9af5d0000 - 0x00007ff9af622000 	C:\WINDOWS\System32\shlwapi.dll
0x00007ff9ac610000 - 0x00007ff9ac621000 	C:\WINDOWS\System32\kernel.appcore.dll
0x00007ff9ad1f0000 - 0x00007ff9ad207000 	C:\WINDOWS\System32\cryptsp.dll
0x00007ff997270000 - 0x00007ff99728a000 	C:\Program Files\Android\Android Studio\jre\jre\bin\net.dll
0x00007ff9abd70000 - 0x00007ff9abdd7000 	C:\WINDOWS\system32\mswsock.dll
0x00007ff995240000 - 0x00007ff995251000 	C:\Program Files\Android\Android Studio\jre\jre\bin\nio.dll
0x00007ff993ef0000 - 0x00007ff993f0e000 	C:\Users\km007\.gradle\native\25\windows-amd64\native-platform.dll
0x00007ff9a3e20000 - 0x00007ff9a3e2d000 	C:\Program Files\Android\Android Studio\jre\jre\bin\management.dll
0x00007ff9ab8e0000 - 0x00007ff9ab913000 	C:\WINDOWS\system32\rsaenh.dll
0x00007ff9ac680000 - 0x00007ff9ac6a6000 	C:\WINDOWS\System32\bcrypt.dll
0x00007ff9ac480000 - 0x00007ff9ac4a5000 	C:\WINDOWS\SYSTEM32\USERENV.dll
0x00007ff9abf40000 - 0x00007ff9abf4c000 	C:\WINDOWS\SYSTEM32\CRYPTBASE.dll
0x00007ff9aba80000 - 0x00007ff9ababa000 	C:\WINDOWS\SYSTEM32\IPHLPAPI.DLL
0x00007ff9ae9d0000 - 0x00007ff9ae9d8000 	C:\WINDOWS\System32\NSI.dll
0x00007ff9a2ab0000 - 0x00007ff9a2ac6000 	C:\WINDOWS\SYSTEM32\dhcpcsvc6.DLL
0x00007ff9a2ce0000 - 0x00007ff9a2cfc000 	C:\WINDOWS\SYSTEM32\dhcpcsvc.DLL
0x00007ff9abac0000 - 0x00007ff9abb8a000 	C:\WINDOWS\SYSTEM32\DNSAPI.dll
0x00007ff993ca0000 - 0x00007ff993cc4000 	C:\Program Files\Android\Android Studio\jre\jre\bin\sunec.dll
0x00007ff9a2b00000 - 0x00007ff9a2b0a000 	C:\Windows\System32\rasadhlp.dll
0x00007ff9a28f0000 - 0x00007ff9a2967000 	C:\WINDOWS\System32\fwpuclnt.dll
0x00007ff99ec80000 - 0x00007ff99ec8b000 	C:\Program Files\Android\Android Studio\jre\jre\bin\sunmscapi.dll
0x00007ff9ac750000 - 0x00007ff9ac899000 	C:\WINDOWS\System32\CRYPT32.dll
0x00007ff9ac570000 - 0x00007ff9ac582000 	C:\WINDOWS\System32\MSASN1.dll

VM Arguments:
jvm_args: -Xmx1536M -Dfile.encoding=windows-1252 -Duser.country=GB -Duser.language=en -Duser.variant 
java_command: org.gradle.launcher.daemon.bootstrap.GradleDaemon 4.10.2
java_class_path (initial): C:\Users\km007\.gradle\wrapper\dists\gradle-4.10.2-all\9fahxiiecdb76a5g3aw9oi8rv\gradle-4.10.2\lib\gradle-launcher-4.10.2.jar
Launcher Type: SUN_STANDARD

Environment Variables:
JAVA_HOME=C:\Program Files\Android\Android Studio\jre
JRE_HOME=C:\Program Files\Java\jre1.8.0_231
CLASSPATH=C:\Users\km007\Desktop\Project\StagPus\android\\gradle\wrapper\gradle-wrapper.jar
PATH=C:\Program Files\Git\mingw64\bin;C:\Program Files\Git\usr\bin;C:\Users\km007\bin;C:\Python27;C:\Python27\Scripts;C:\WINDOWS\system32;C:\WINDOWS;C:\WINDOWS\System32\Wbem;C:\WINDOWS\System32\WindowsPowerShell\v1.0;C:\WINDOWS\System32\OpenSSH;C:\Program Files\Git\cmd;C:\ProgramData\chocolatey\bin;C:\Program Files\nodejs;C:\Program Files (x86)\Yarn\bin;C:\Users\km007\AppData\Local\Microsoft\WindowsApps;C:\Users\km007\AppData\Local\GitHubDesktop\bin;C:\Users\km007\AppData\Local\Programs\Microsoft VS Code\bin;C:\Users\km007\AppData\Roaming\npm;C:\Users\km007\AppData\Local\Yarn\bin;C:\Users\km007\Desktop\srcflutter\flutter\bin;C:\Program Files\Java\jre1.8.0_231\bin;C:\Users\km007\srcAndroid\build-tools;C:\Users\km007\srcAndroid\platform-tools;C:\Users\km007\srcAndroid\tools;C:\Program Files\Java\jdk-13.0.1\bin
USERNAME=km007
OS=Windows_NT
PROCESSOR_IDENTIFIER=Intel64 Family 6 Model 122 Stepping 1, GenuineIntel



---------------  S Y S T E M  ---------------

OS: Windows 10.0 , 64 bit Build 18362 (10.0.18362.329)

CPU:total 2 (initial active 2) (2 cores per cpu, 1 threads per core) family 6 model 122 stepping 1, cmov, cx8, fxsr, mmx, sse, sse2, sse3, ssse3, sse4.1, sse4.2, popcnt, aes, clmul, erms, 3dnowpref, tsc, tscinvbit

Memory: 4k page, physical 4013180k(306448k free), swap 11509112k(892k free)

vm_info: OpenJDK 64-Bit Server VM (25.202-b03) for windows-amd64 JRE (1.8.0_202-release-1483-b03), built by "builder" with MS VC++ 10.0 (VS2010)

time: Sat Apr 04 02:01:04 2020
timezone: GMT Summer Time
elapsed time: 1454 seconds (0d 0h 24m 14s)

